[debug] [2022-09-09T06:14:20.549Z] ----------------------------------------------------------------------
[debug] [2022-09-09T06:14:20.563Z] Command:       C:\Program Files\nodejs\node.exe C:\Program Files\nodejs\node_modules\firebase-tools\lib\bin\firebase.js init
[debug] [2022-09-09T06:14:20.564Z] CLI Version:   11.8.1
[debug] [2022-09-09T06:14:20.564Z] Platform:      win32
[debug] [2022-09-09T06:14:20.564Z] Node Version:  v16.17.0
[debug] [2022-09-09T06:14:20.846Z] Time:          Fri Sep 09 2022 01:14:20 GMT-0500 (hora de verano central)
[debug] [2022-09-09T06:14:20.847Z] ----------------------------------------------------------------------
[debug] 
[debug] [2022-09-09T06:14:21.093Z] > command requires scopes: ["email","openid","https://www.googleapis.com/auth/cloudplatformprojects.readonly","https://www.googleapis.com/auth/firebase","https://www.googleapis.com/auth/cloud-platform"]
[debug] [2022-09-09T06:14:21.094Z] > authorizing via signed-in user (jsanchez@quaxar.com)
[info] 
     ######## #### ########  ######## ########     ###     ######  ########
     ##        ##  ##     ## ##       ##     ##  ##   ##  ##       ##
     ######    ##  ########  ######   ########  #########  ######  ######
     ##        ##  ##    ##  ##       ##     ## ##     ##       ## ##
     ##       #### ##     ## ######## ########  ##     ##  ######  ########

You're about to initialize a Firebase project in this directory:

  C:\Users\Antonio_Quaxar\Desktop\Quaxar\ULU-STAGING

Before we get started, keep in mind:

  * You are initializing within an existing Firebase project directory

